⚠️ ОБНАРУЖЕН ДРЕЙФ РАСПРЕДЕЛЕНИЙ! Признаки: ['exec_time_per_call_ms', 'calls_per_sec']
Счетчик стабильного дрейфа: 1/5
--- Оценка аномалий ---
Обработано 74 окон.
Распределения в норме. Сброс счетчика дрейфа.
--- Оценка аномалий ---
Обработано 68 окон.
--- Оценка аномалий ---
Обработано 68 окон.
--- Оценка аномалий ---
Обработано 96 окон.
--- Отправка алертов (12 шт) ---
Traceback (most recent call last):
  File "/home/admin/postgresql-sql-ml-anomaly-detector/scripts/detect_anomalies.py", line 277, in <module>
    detect()
  File "/home/admin/postgresql-sql-ml-anomaly-detector/scripts/detect_anomalies.py", line 274, in detect
    process_alerts(anomalies_found)
  File "/home/admin/postgresql-sql-ml-anomaly-detector/scripts/detect_anomalies.py", line 78, in process_alerts
    cur.execute("""
  File "/home/admin/postgresql-sql-ml-anomaly-detector/venv/lib/python3.10/site-packages/psycopg/cursor.py", line 117, in execute
    raise ex.with_traceback(None)
psycopg.errors.UndefinedColumn: column "query" does not exist
LINE 2:                     SELECT query 
                                   ^
HINT:  Perhaps you meant to reference the column "pgss_deltas.queryid".
--- Оценка аномалий ---
Обработано 69 окон.
--- Отправка алертов (16 шт) ---
Traceback (most recent call last):
  File "/home/admin/postgresql-sql-ml-anomaly-detector/scripts/detect_anomalies.py", line 277, in <module>
    detect()
  File "/home/admin/postgresql-sql-ml-anomaly-detector/scripts/detect_anomalies.py", line 274, in detect
    process_alerts(anomalies_found)
  File "/home/admin/postgresql-sql-ml-anomaly-detector/scripts/detect_anomalies.py", line 78, in process_alerts
    cur.execute("""
  File "/home/admin/postgresql-sql-ml-anomaly-detector/venv/lib/python3.10/site-packages/psycopg/cursor.py", line 117, in execute
    raise ex.with_traceback(None)
psycopg.errors.UndefinedColumn: column "query" does not exist
LINE 2:                     SELECT query 
                                   ^
HINT:  Perhaps you meant to reference the column "pgss_deltas.queryid".
--- Оценка аномалий ---
Обработано 76 окон.
--- Отправка алертов (13 шт) ---
Traceback (most recent call last):
  File "/home/admin/postgresql-sql-ml-anomaly-detector/scripts/detect_anomalies.py", line 277, in <module>
    detect()
  File "/home/admin/postgresql-sql-ml-anomaly-detector/scripts/detect_anomalies.py", line 274, in detect
    process_alerts(anomalies_found)
  File "/home/admin/postgresql-sql-ml-anomaly-detector/scripts/detect_anomalies.py", line 78, in process_alerts
    cur.execute("""
  File "/home/admin/postgresql-sql-ml-anomaly-detector/venv/lib/python3.10/site-packages/psycopg/cursor.py", line 117, in execute
    raise ex.with_traceback(None)
psycopg.errors.UndefinedColumn: column "query" does not exist
LINE 2:                     SELECT query 
                                   ^
HINT:  Perhaps you meant to reference the column "pgss_deltas.queryid".
--- Оценка аномалий ---
Обработано 78 окон.
--- Отправка алертов (14 шт) ---
Traceback (most recent call last):
  File "/home/admin/postgresql-sql-ml-anomaly-detector/scripts/detect_anomalies.py", line 277, in <module>
    detect()
  File "/home/admin/postgresql-sql-ml-anomaly-detector/scripts/detect_anomalies.py", line 274, in detect
    process_alerts(anomalies_found)
  File "/home/admin/postgresql-sql-ml-anomaly-detector/scripts/detect_anomalies.py", line 78, in process_alerts
    cur.execute("""
  File "/home/admin/postgresql-sql-ml-anomaly-detector/venv/lib/python3.10/site-packages/psycopg/cursor.py", line 117, in execute
    raise ex.with_traceback(None)
psycopg.errors.UndefinedColumn: column "query" does not exist
LINE 2:                     SELECT query 
                                   ^
HINT:  Perhaps you meant to reference the column "pgss_deltas.queryid".
--- Оценка аномалий ---
Обработано 72 окон.
--- Отправка алертов (12 шт) ---
Traceback (most recent call last):
  File "/home/admin/postgresql-sql-ml-anomaly-detector/scripts/detect_anomalies.py", line 277, in <module>
    detect()
  File "/home/admin/postgresql-sql-ml-anomaly-detector/scripts/detect_anomalies.py", line 274, in detect
    process_alerts(anomalies_found)
  File "/home/admin/postgresql-sql-ml-anomaly-detector/scripts/detect_anomalies.py", line 78, in process_alerts
    cur.execute("""
  File "/home/admin/postgresql-sql-ml-anomaly-detector/venv/lib/python3.10/site-packages/psycopg/cursor.py", line 117, in execute
    raise ex.with_traceback(None)
psycopg.errors.UndefinedColumn: column "query" does not exist
LINE 2:                     SELECT query 
                                   ^
HINT:  Perhaps you meant to reference the column "pgss_deltas.queryid".
--- Оценка аномалий ---
Обработано 76 окон.
--- Отправка алертов (15 шт) ---
Traceback (most recent call last):
  File "/home/admin/postgresql-sql-ml-anomaly-detector/scripts/detect_anomalies.py", line 277, in <module>
    detect()
  File "/home/admin/postgresql-sql-ml-anomaly-detector/scripts/detect_anomalies.py", line 274, in detect
    process_alerts(anomalies_found)
  File "/home/admin/postgresql-sql-ml-anomaly-detector/scripts/detect_anomalies.py", line 78, in process_alerts
    cur.execute("""
  File "/home/admin/postgresql-sql-ml-anomaly-detector/venv/lib/python3.10/site-packages/psycopg/cursor.py", line 117, in execute
    raise ex.with_traceback(None)
psycopg.errors.UndefinedColumn: column "query" does not exist
LINE 2:                     SELECT query 
                                   ^
HINT:  Perhaps you meant to reference the column "pgss_deltas.queryid".
--- Оценка аномалий ---
Обработано 73 окон.
--- Отправка алертов (12 шт) ---
Traceback (most recent call last):
  File "/home/admin/postgresql-sql-ml-anomaly-detector/scripts/detect_anomalies.py", line 277, in <module>
    detect()
  File "/home/admin/postgresql-sql-ml-anomaly-detector/scripts/detect_anomalies.py", line 274, in detect
    process_alerts(anomalies_found)
  File "/home/admin/postgresql-sql-ml-anomaly-detector/scripts/detect_anomalies.py", line 78, in process_alerts
    cur.execute("""
  File "/home/admin/postgresql-sql-ml-anomaly-detector/venv/lib/python3.10/site-packages/psycopg/cursor.py", line 117, in execute
    raise ex.with_traceback(None)
psycopg.errors.UndefinedColumn: column "query" does not exist
LINE 2:                     SELECT query 
                                   ^
HINT:  Perhaps you meant to reference the column "pgss_deltas.queryid".
--- Оценка аномалий ---
Обработано 72 окон.
--- Отправка алертов (12 шт) ---
Traceback (most recent call last):
  File "/home/admin/postgresql-sql-ml-anomaly-detector/scripts/detect_anomalies.py", line 277, in <module>
    detect()
  File "/home/admin/postgresql-sql-ml-anomaly-detector/scripts/detect_anomalies.py", line 274, in detect
    process_alerts(anomalies_found)
  File "/home/admin/postgresql-sql-ml-anomaly-detector/scripts/detect_anomalies.py", line 78, in process_alerts
    cur.execute("""
  File "/home/admin/postgresql-sql-ml-anomaly-detector/venv/lib/python3.10/site-packages/psycopg/cursor.py", line 117, in execute
    raise ex.with_traceback(None)
psycopg.errors.UndefinedColumn: column "query" does not exist
LINE 2:                     SELECT query 
                                   ^
HINT:  Perhaps you meant to reference the column "pgss_deltas.queryid".
--- Оценка аномалий ---
Обработано 77 окон.
--- Отправка алертов (13 шт) ---
Traceback (most recent call last):
  File "/home/admin/postgresql-sql-ml-anomaly-detector/scripts/detect_anomalies.py", line 277, in <module>
    detect()
  File "/home/admin/postgresql-sql-ml-anomaly-detector/scripts/detect_anomalies.py", line 274, in detect
    process_alerts(anomalies_found)
  File "/home/admin/postgresql-sql-ml-anomaly-detector/scripts/detect_anomalies.py", line 78, in process_alerts
    cur.execute("""
  File "/home/admin/postgresql-sql-ml-anomaly-detector/venv/lib/python3.10/site-packages/psycopg/cursor.py", line 117, in execute
    raise ex.with_traceback(None)
psycopg.errors.UndefinedColumn: column "query" does not exist
LINE 2:                     SELECT query 
                                   ^
HINT:  Perhaps you meant to reference the column "pgss_deltas.queryid".
--- Оценка аномалий ---
Обработано 73 окон.
--- Отправка алертов (11 шт) ---
Traceback (most recent call last):
  File "/home/admin/postgresql-sql-ml-anomaly-detector/scripts/detect_anomalies.py", line 277, in <module>
    detect()
  File "/home/admin/postgresql-sql-ml-anomaly-detector/scripts/detect_anomalies.py", line 274, in detect
    process_alerts(anomalies_found)
  File "/home/admin/postgresql-sql-ml-anomaly-detector/scripts/detect_anomalies.py", line 78, in process_alerts
    cur.execute("""
  File "/home/admin/postgresql-sql-ml-anomaly-detector/venv/lib/python3.10/site-packages/psycopg/cursor.py", line 117, in execute
    raise ex.with_traceback(None)
psycopg.errors.UndefinedColumn: column "query" does not exist
LINE 2:                     SELECT query 
                                   ^
HINT:  Perhaps you meant to reference the column "pgss_deltas.queryid".
--- Оценка аномалий ---
Обработано 54 окон.
--- Отправка алертов (10 шт) ---
Traceback (most recent call last):
  File "/home/admin/postgresql-sql-ml-anomaly-detector/scripts/detect_anomalies.py", line 277, in <module>
    detect()
  File "/home/admin/postgresql-sql-ml-anomaly-detector/scripts/detect_anomalies.py", line 274, in detect
    process_alerts(anomalies_found)
  File "/home/admin/postgresql-sql-ml-anomaly-detector/scripts/detect_anomalies.py", line 78, in process_alerts
    cur.execute("""
  File "/home/admin/postgresql-sql-ml-anomaly-detector/venv/lib/python3.10/site-packages/psycopg/cursor.py", line 117, in execute
    raise ex.with_traceback(None)
psycopg.errors.UndefinedColumn: column "query" does not exist
LINE 2:                     SELECT query 
                                   ^
HINT:  Perhaps you meant to reference the column "pgss_deltas.queryid".
--- Оценка аномалий ---
Обработано 73 окон.
--- Отправка алертов (13 шт) ---
Traceback (most recent call last):
  File "/home/admin/postgresql-sql-ml-anomaly-detector/scripts/detect_anomalies.py", line 277, in <module>
    detect()
  File "/home/admin/postgresql-sql-ml-anomaly-detector/scripts/detect_anomalies.py", line 274, in detect
    process_alerts(anomalies_found)
  File "/home/admin/postgresql-sql-ml-anomaly-detector/scripts/detect_anomalies.py", line 78, in process_alerts
    cur.execute("""
  File "/home/admin/postgresql-sql-ml-anomaly-detector/venv/lib/python3.10/site-packages/psycopg/cursor.py", line 117, in execute
    raise ex.with_traceback(None)
psycopg.errors.UndefinedColumn: column "query" does not exist
LINE 2:                     SELECT query 
                                   ^
HINT:  Perhaps you meant to reference the column "pgss_deltas.queryid".
--- Оценка аномалий ---
Обработано 75 окон.
--- Отправка алертов (11 шт) ---
Traceback (most recent call last):
  File "/home/admin/postgresql-sql-ml-anomaly-detector/scripts/detect_anomalies.py", line 277, in <module>
    detect()
  File "/home/admin/postgresql-sql-ml-anomaly-detector/scripts/detect_anomalies.py", line 274, in detect
    process_alerts(anomalies_found)
  File "/home/admin/postgresql-sql-ml-anomaly-detector/scripts/detect_anomalies.py", line 78, in process_alerts
    cur.execute("""
  File "/home/admin/postgresql-sql-ml-anomaly-detector/venv/lib/python3.10/site-packages/psycopg/cursor.py", line 117, in execute
    raise ex.with_traceback(None)
psycopg.errors.UndefinedColumn: column "query" does not exist
LINE 2:                     SELECT query 
                                   ^
HINT:  Perhaps you meant to reference the column "pgss_deltas.queryid".
