--- Pipeline Start: Sat Dec 13 02:13:01 PM MSK 2025 ---
2025-12-13 14:13:01.445877: inserted 161 rows into monitoring.pgss_snapshots_raw
2025-12-13 14:13:01.680623: inserted 15 rows into monitoring.pgss_deltas
2025-12-13 14:13:01.876993: inserted 15 rows into monitoring.features_windows
Lex features are up-to-date (nothing to insert/update).
--- Pipeline End: Sat Dec 13 02:13:02 PM MSK 2025 ---
--- Pipeline Start: Sat Dec 13 02:13:16 PM MSK 2025 ---
2025-12-13 14:13:16.369723: inserted 161 rows into monitoring.pgss_snapshots_raw
2025-12-13 14:13:16.578128: inserted 26 rows into monitoring.pgss_deltas
2025-12-13 14:13:16.799624: inserted 26 rows into monitoring.features_windows
Lex features are up-to-date (nothing to insert/update).
--- Pipeline End: Sat Dec 13 02:13:17 PM MSK 2025 ---
--- Pipeline Start: Sat Dec 13 02:13:31 PM MSK 2025 ---
2025-12-13 14:13:31.373378: inserted 161 rows into monitoring.pgss_snapshots_raw
2025-12-13 14:13:31.576687: inserted 14 rows into monitoring.pgss_deltas
2025-12-13 14:13:31.782917: inserted 14 rows into monitoring.features_windows
Lex features are up-to-date (nothing to insert/update).
--- Pipeline End: Sat Dec 13 02:13:32 PM MSK 2025 ---
--- Pipeline Start: Sat Dec 13 02:13:46 PM MSK 2025 ---
2025-12-13 14:13:46.378240: inserted 161 rows into monitoring.pgss_snapshots_raw
2025-12-13 14:13:46.584447: inserted 14 rows into monitoring.pgss_deltas
2025-12-13 14:13:46.795090: inserted 14 rows into monitoring.features_windows
Lex features are up-to-date (nothing to insert/update).
--- Pipeline End: Sat Dec 13 02:13:47 PM MSK 2025 ---
--- Pipeline Start: Sat Dec 13 02:14:01 PM MSK 2025 ---
2025-12-13 14:14:01.413945: inserted 161 rows into monitoring.pgss_snapshots_raw
2025-12-13 14:14:01.633132: inserted 14 rows into monitoring.pgss_deltas
2025-12-13 14:14:01.894075: inserted 14 rows into monitoring.features_windows
Lex features are up-to-date (nothing to insert/update).
--- Pipeline End: Sat Dec 13 02:14:02 PM MSK 2025 ---
--- Pipeline Start: Sat Dec 13 02:14:16 PM MSK 2025 ---
2025-12-13 14:14:16.394603: inserted 161 rows into monitoring.pgss_snapshots_raw
2025-12-13 14:14:16.601780: inserted 26 rows into monitoring.pgss_deltas
2025-12-13 14:14:16.843186: inserted 26 rows into monitoring.features_windows
Lex features are up-to-date (nothing to insert/update).
--- Pipeline End: Sat Dec 13 02:14:17 PM MSK 2025 ---
--- Pipeline Start: Sat Dec 13 02:14:31 PM MSK 2025 ---
2025-12-13 14:14:31.399770: inserted 161 rows into monitoring.pgss_snapshots_raw
2025-12-13 14:14:31.605309: inserted 14 rows into monitoring.pgss_deltas
2025-12-13 14:14:31.816785: inserted 14 rows into monitoring.features_windows
Lex features are up-to-date (nothing to insert/update).
--- Pipeline End: Sat Dec 13 02:14:32 PM MSK 2025 ---
--- Pipeline Start: Sat Dec 13 02:14:46 PM MSK 2025 ---
2025-12-13 14:14:46.404189: inserted 161 rows into monitoring.pgss_snapshots_raw
2025-12-13 14:14:46.609140: inserted 14 rows into monitoring.pgss_deltas
2025-12-13 14:14:46.836590: inserted 14 rows into monitoring.features_windows
Lex features are up-to-date (nothing to insert/update).
--- Pipeline End: Sat Dec 13 02:14:47 PM MSK 2025 ---
--- Pipeline Start: Sat Dec 13 02:15:01 PM MSK 2025 ---
2025-12-13 14:15:01.359397: inserted 161 rows into monitoring.pgss_snapshots_raw
2025-12-13 14:15:01.574147: inserted 14 rows into monitoring.pgss_deltas
2025-12-13 14:15:01.841526: inserted 14 rows into monitoring.features_windows
Lex features are up-to-date (nothing to insert/update).
--- Pipeline End: Sat Dec 13 02:15:02 PM MSK 2025 ---
--- Pipeline Start: Sat Dec 13 02:15:16 PM MSK 2025 ---
2025-12-13 14:15:16.394455: inserted 161 rows into monitoring.pgss_snapshots_raw
2025-12-13 14:15:16.616919: inserted 26 rows into monitoring.pgss_deltas
2025-12-13 14:15:16.820766: inserted 26 rows into monitoring.features_windows
Lex features are up-to-date (nothing to insert/update).
--- Pipeline End: Sat Dec 13 02:15:17 PM MSK 2025 ---
--- Pipeline Start: Sat Dec 13 02:15:31 PM MSK 2025 ---
2025-12-13 14:15:31.383169: inserted 161 rows into monitoring.pgss_snapshots_raw
2025-12-13 14:15:31.598756: inserted 14 rows into monitoring.pgss_deltas
2025-12-13 14:15:31.832927: inserted 14 rows into monitoring.features_windows
Lex features are up-to-date (nothing to insert/update).
--- Pipeline End: Sat Dec 13 02:15:32 PM MSK 2025 ---
--- Pipeline Start: Sat Dec 13 02:15:46 PM MSK 2025 ---
2025-12-13 14:15:46.349009: inserted 161 rows into monitoring.pgss_snapshots_raw
2025-12-13 14:15:46.548162: inserted 14 rows into monitoring.pgss_deltas
2025-12-13 14:15:46.779713: inserted 14 rows into monitoring.features_windows
Lex features are up-to-date (nothing to insert/update).
--- Pipeline End: Sat Dec 13 02:15:47 PM MSK 2025 ---
--- Pipeline Start: Sat Dec 13 11:49:01 PM MSK 2025 ---
2025-12-13 23:49:01.509853: inserted 167 rows into monitoring.pgss_snapshots_raw
2025-12-13 23:49:01.787220: inserted 42 rows into monitoring.pgss_deltas
2025-12-13 23:49:02.032776: inserted 42 rows into monitoring.features_windows
2025-12-13 23:49:02.569482: upserted 1 rows into monitoring.query_lex_features
--- Pipeline End: Sat Dec 13 11:49:02 PM MSK 2025 ---
--- Pipeline Start: Sat Dec 13 11:49:16 PM MSK 2025 ---
2025-12-13 23:49:16.495107: inserted 167 rows into monitoring.pgss_snapshots_raw
2025-12-13 23:49:16.710028: inserted 27 rows into monitoring.pgss_deltas
2025-12-13 23:49:17.003689: inserted 27 rows into monitoring.features_windows
Lex features are up-to-date (nothing to insert/update).
--- Pipeline End: Sat Dec 13 11:49:17 PM MSK 2025 ---
--- Pipeline Start: Sat Dec 13 11:49:31 PM MSK 2025 ---
2025-12-13 23:49:31.527453: inserted 167 rows into monitoring.pgss_snapshots_raw
2025-12-13 23:49:31.756836: inserted 14 rows into monitoring.pgss_deltas
2025-12-13 23:49:31.969443: inserted 14 rows into monitoring.features_windows
Lex features are up-to-date (nothing to insert/update).
--- Pipeline End: Sat Dec 13 11:49:32 PM MSK 2025 ---
--- Pipeline Start: Sat Dec 13 11:49:46 PM MSK 2025 ---
2025-12-13 23:49:46.562482: inserted 167 rows into monitoring.pgss_snapshots_raw
2025-12-13 23:49:46.869376: inserted 14 rows into monitoring.pgss_deltas
2025-12-13 23:49:47.117593: inserted 14 rows into monitoring.features_windows
Lex features are up-to-date (nothing to insert/update).
--- Pipeline End: Sat Dec 13 11:49:47 PM MSK 2025 ---
--- Pipeline Start: Sat Dec 13 11:50:01 PM MSK 2025 ---
2025-12-13 23:50:01.679192: inserted 167 rows into monitoring.pgss_snapshots_raw
2025-12-13 23:50:01.912741: inserted 14 rows into monitoring.pgss_deltas
2025-12-13 23:50:02.134775: inserted 14 rows into monitoring.features_windows
Lex features are up-to-date (nothing to insert/update).
--- Pipeline End: Sat Dec 13 11:50:02 PM MSK 2025 ---
--- Pipeline Start: Sat Dec 13 11:50:16 PM MSK 2025 ---
2025-12-13 23:50:16.673937: inserted 167 rows into monitoring.pgss_snapshots_raw
2025-12-13 23:50:16.912813: inserted 26 rows into monitoring.pgss_deltas
2025-12-13 23:50:17.157059: inserted 26 rows into monitoring.features_windows
Lex features are up-to-date (nothing to insert/update).
--- Pipeline End: Sat Dec 13 11:50:17 PM MSK 2025 ---
--- Pipeline Start: Sat Dec 13 11:50:31 PM MSK 2025 ---
2025-12-13 23:50:31.673591: inserted 167 rows into monitoring.pgss_snapshots_raw
2025-12-13 23:50:31.972110: inserted 14 rows into monitoring.pgss_deltas
2025-12-13 23:50:32.212406: inserted 14 rows into monitoring.features_windows
Lex features are up-to-date (nothing to insert/update).
--- Pipeline End: Sat Dec 13 11:50:32 PM MSK 2025 ---
--- Pipeline Start: Sat Dec 13 11:50:46 PM MSK 2025 ---
2025-12-13 23:50:46.680738: inserted 168 rows into monitoring.pgss_snapshots_raw
2025-12-13 23:50:46.963760: inserted 21 rows into monitoring.pgss_deltas
2025-12-13 23:50:47.198758: inserted 21 rows into monitoring.features_windows
Lex features are up-to-date (nothing to insert/update).
--- Pipeline End: Sat Dec 13 11:50:47 PM MSK 2025 ---
--- Pipeline Start: Sat Dec 13 11:51:01 PM MSK 2025 ---
2025-12-13 23:51:01.811818: inserted 169 rows into monitoring.pgss_snapshots_raw
2025-12-13 23:51:02.042234: inserted 15 rows into monitoring.pgss_deltas
2025-12-13 23:51:02.357030: inserted 15 rows into monitoring.features_windows
2025-12-13 23:51:02.692617: upserted 1 rows into monitoring.query_lex_features
--- Pipeline End: Sat Dec 13 11:51:02 PM MSK 2025 ---
--- Pipeline Start: Sat Dec 13 11:51:16 PM MSK 2025 ---
2025-12-13 23:51:16.796003: inserted 169 rows into monitoring.pgss_snapshots_raw
2025-12-13 23:51:17.018077: inserted 27 rows into monitoring.pgss_deltas
2025-12-13 23:51:17.254203: inserted 27 rows into monitoring.features_windows
Lex features are up-to-date (nothing to insert/update).
--- Pipeline End: Sat Dec 13 11:51:17 PM MSK 2025 ---
--- Pipeline Start: Sat Dec 13 11:51:31 PM MSK 2025 ---
2025-12-13 23:51:31.829568: inserted 170 rows into monitoring.pgss_snapshots_raw
2025-12-13 23:51:32.062161: inserted 20 rows into monitoring.pgss_deltas
2025-12-13 23:51:32.322573: inserted 20 rows into monitoring.features_windows
Lex features are up-to-date (nothing to insert/update).
--- Pipeline End: Sat Dec 13 11:51:32 PM MSK 2025 ---
--- Pipeline Start: Sat Dec 13 11:51:46 PM MSK 2025 ---
2025-12-13 23:51:46.813785: inserted 170 rows into monitoring.pgss_snapshots_raw
2025-12-13 23:51:47.058675: inserted 15 rows into monitoring.pgss_deltas
2025-12-13 23:51:47.299525: inserted 15 rows into monitoring.features_windows
Lex features are up-to-date (nothing to insert/update).
--- Pipeline End: Sat Dec 13 11:51:47 PM MSK 2025 ---
--- Pipeline Start: Sat Dec 13 11:52:01 PM MSK 2025 ---
2025-12-13 23:52:01.884384: inserted 170 rows into monitoring.pgss_snapshots_raw
2025-12-13 23:52:02.126515: inserted 16 rows into monitoring.pgss_deltas
2025-12-13 23:52:02.398722: inserted 16 rows into monitoring.features_windows
Lex features are up-to-date (nothing to insert/update).
--- Pipeline End: Sat Dec 13 11:52:02 PM MSK 2025 ---
--- Pipeline Start: Sat Dec 13 11:52:16 PM MSK 2025 ---
2025-12-13 23:52:16.901378: inserted 170 rows into monitoring.pgss_snapshots_raw
2025-12-13 23:52:17.207067: inserted 26 rows into monitoring.pgss_deltas
2025-12-13 23:52:17.469888: inserted 26 rows into monitoring.features_windows
Lex features are up-to-date (nothing to insert/update).
--- Pipeline End: Sat Dec 13 11:52:17 PM MSK 2025 ---
--- Pipeline Start: Sat Dec 13 11:52:31 PM MSK 2025 ---
2025-12-13 23:52:31.911344: inserted 170 rows into monitoring.pgss_snapshots_raw
2025-12-13 23:52:32.144909: inserted 14 rows into monitoring.pgss_deltas
2025-12-13 23:52:32.419550: inserted 14 rows into monitoring.features_windows
Lex features are up-to-date (nothing to insert/update).
--- Pipeline End: Sat Dec 13 11:52:32 PM MSK 2025 ---
--- Pipeline Start: Sat Dec 13 11:52:46 PM MSK 2025 ---
2025-12-13 23:52:46.889138: inserted 170 rows into monitoring.pgss_snapshots_raw
2025-12-13 23:52:47.119338: inserted 14 rows into monitoring.pgss_deltas
2025-12-13 23:52:47.398228: inserted 14 rows into monitoring.features_windows
Lex features are up-to-date (nothing to insert/update).
--- Pipeline End: Sat Dec 13 11:52:47 PM MSK 2025 ---
--- Pipeline Start: Sat Dec 13 11:58:01 PM MSK 2025 ---
2025-12-13 23:58:02.243575: inserted 172 rows into monitoring.pgss_snapshots_raw
2025-12-13 23:58:02.493770: inserted 18 rows into monitoring.pgss_deltas
2025-12-13 23:58:02.797009: inserted 18 rows into monitoring.features_windows
2025-12-13 23:58:03.187080: upserted 1 rows into monitoring.query_lex_features
--- Pipeline End: Sat Dec 13 11:58:03 PM MSK 2025 ---
--- Pipeline Start: Sat Dec 13 11:58:17 PM MSK 2025 ---
2025-12-13 23:58:17.193790: inserted 173 rows into monitoring.pgss_snapshots_raw
2025-12-13 23:58:17.445141: inserted 29 rows into monitoring.pgss_deltas
2025-12-13 23:58:17.678195: inserted 29 rows into monitoring.features_windows
Lex features are up-to-date (nothing to insert/update).
--- Pipeline End: Sat Dec 13 11:58:18 PM MSK 2025 ---
--- Pipeline Start: Sat Dec 13 11:58:31 PM MSK 2025 ---
2025-12-13 23:58:32.192697: inserted 173 rows into monitoring.pgss_snapshots_raw
2025-12-13 23:58:32.459692: inserted 15 rows into monitoring.pgss_deltas
2025-12-13 23:58:32.700780: inserted 15 rows into monitoring.features_windows
Lex features are up-to-date (nothing to insert/update).
--- Pipeline End: Sat Dec 13 11:58:33 PM MSK 2025 ---
--- Pipeline Start: Sat Dec 13 11:58:47 PM MSK 2025 ---
2025-12-13 23:58:47.196939: inserted 173 rows into monitoring.pgss_snapshots_raw
2025-12-13 23:58:47.434878: inserted 16 rows into monitoring.pgss_deltas
2025-12-13 23:58:47.661070: inserted 16 rows into monitoring.features_windows
Lex features are up-to-date (nothing to insert/update).
--- Pipeline End: Sat Dec 13 11:58:48 PM MSK 2025 ---
--- Pipeline Start: Sat Dec 13 11:59:01 PM MSK 2025 ---
2025-12-13 23:59:01.403414: inserted 173 rows into monitoring.pgss_snapshots_raw
2025-12-13 23:59:01.621221: inserted 16 rows into monitoring.pgss_deltas
2025-12-13 23:59:01.884459: inserted 16 rows into monitoring.features_windows
Lex features are up-to-date (nothing to insert/update).
--- Pipeline End: Sat Dec 13 11:59:02 PM MSK 2025 ---
--- Pipeline Start: Sat Dec 13 11:59:16 PM MSK 2025 ---
2025-12-13 23:59:16.298682: inserted 173 rows into monitoring.pgss_snapshots_raw
2025-12-13 23:59:16.521095: inserted 27 rows into monitoring.pgss_deltas
2025-12-13 23:59:16.754076: inserted 27 rows into monitoring.features_windows
Lex features are up-to-date (nothing to insert/update).
--- Pipeline End: Sat Dec 13 11:59:17 PM MSK 2025 ---
--- Pipeline Start: Sat Dec 13 11:59:31 PM MSK 2025 ---
2025-12-13 23:59:31.234317: inserted 173 rows into monitoring.pgss_snapshots_raw
2025-12-13 23:59:31.479290: inserted 16 rows into monitoring.pgss_deltas
2025-12-13 23:59:31.722288: inserted 16 rows into monitoring.features_windows
Lex features are up-to-date (nothing to insert/update).
--- Pipeline End: Sat Dec 13 11:59:32 PM MSK 2025 ---
--- Pipeline Start: Sat Dec 13 11:59:46 PM MSK 2025 ---
2025-12-13 23:59:46.243352: inserted 173 rows into monitoring.pgss_snapshots_raw
2025-12-13 23:59:46.468930: inserted 15 rows into monitoring.pgss_deltas
2025-12-13 23:59:46.687843: inserted 15 rows into monitoring.features_windows
Lex features are up-to-date (nothing to insert/update).
--- Pipeline End: Sat Dec 13 11:59:47 PM MSK 2025 ---
--- Pipeline Start: Sun Dec 14 12:00:01 AM MSK 2025 ---
2025-12-14 00:00:01.465126: inserted 173 rows into monitoring.pgss_snapshots_raw
2025-12-14 00:00:02.486553: inserted 15 rows into monitoring.pgss_deltas
2025-12-14 00:00:02.860173: inserted 15 rows into monitoring.features_windows
Lex features are up-to-date (nothing to insert/update).
--- Pipeline End: Sun Dec 14 12:00:03 AM MSK 2025 ---
--- Pipeline Start: Sun Dec 14 12:00:16 AM MSK 2025 ---
2025-12-14 00:00:16.287142: inserted 173 rows into monitoring.pgss_snapshots_raw
2025-12-14 00:00:16.542494: inserted 27 rows into monitoring.pgss_deltas
2025-12-14 00:00:16.779234: inserted 27 rows into monitoring.features_windows
Lex features are up-to-date (nothing to insert/update).
--- Pipeline End: Sun Dec 14 12:00:17 AM MSK 2025 ---
--- Pipeline Start: Sun Dec 14 12:00:31 AM MSK 2025 ---
2025-12-14 00:00:31.310262: inserted 173 rows into monitoring.pgss_snapshots_raw
2025-12-14 00:00:31.560261: inserted 15 rows into monitoring.pgss_deltas
2025-12-14 00:00:31.814114: inserted 15 rows into monitoring.features_windows
Lex features are up-to-date (nothing to insert/update).
--- Pipeline End: Sun Dec 14 12:00:32 AM MSK 2025 ---
--- Pipeline Start: Sun Dec 14 12:00:46 AM MSK 2025 ---
2025-12-14 00:00:46.329324: inserted 173 rows into monitoring.pgss_snapshots_raw
2025-12-14 00:00:46.653737: inserted 15 rows into monitoring.pgss_deltas
2025-12-14 00:00:46.879229: inserted 15 rows into monitoring.features_windows
Lex features are up-to-date (nothing to insert/update).
--- Pipeline End: Sun Dec 14 12:00:47 AM MSK 2025 ---
--- Pipeline Start: Sun Dec 14 12:01:01 AM MSK 2025 ---
2025-12-14 00:01:01.470596: inserted 173 rows into monitoring.pgss_snapshots_raw
2025-12-14 00:01:01.698031: inserted 15 rows into monitoring.pgss_deltas
2025-12-14 00:01:01.955243: inserted 15 rows into monitoring.features_windows
Lex features are up-to-date (nothing to insert/update).
--- Pipeline End: Sun Dec 14 12:01:02 AM MSK 2025 ---
--- Pipeline Start: Sun Dec 14 12:01:16 AM MSK 2025 ---
2025-12-14 00:01:16.470233: inserted 175 rows into monitoring.pgss_snapshots_raw
2025-12-14 00:01:16.698747: inserted 29 rows into monitoring.pgss_deltas
2025-12-14 00:01:16.977841: inserted 29 rows into monitoring.features_windows
2025-12-14 00:01:17.306238: upserted 1 rows into monitoring.query_lex_features
--- Pipeline End: Sun Dec 14 12:01:17 AM MSK 2025 ---
--- Pipeline Start: Sun Dec 14 12:01:31 AM MSK 2025 ---
2025-12-14 00:01:31.484112: inserted 175 rows into monitoring.pgss_snapshots_raw
2025-12-14 00:01:31.738227: inserted 17 rows into monitoring.pgss_deltas
2025-12-14 00:01:31.988134: inserted 17 rows into monitoring.features_windows
Lex features are up-to-date (nothing to insert/update).
--- Pipeline End: Sun Dec 14 12:01:32 AM MSK 2025 ---
--- Pipeline Start: Sun Dec 14 12:01:46 AM MSK 2025 ---
2025-12-14 00:01:46.465626: inserted 175 rows into monitoring.pgss_snapshots_raw
2025-12-14 00:01:46.688769: inserted 15 rows into monitoring.pgss_deltas
2025-12-14 00:01:46.948347: inserted 15 rows into monitoring.features_windows
Lex features are up-to-date (nothing to insert/update).
--- Pipeline End: Sun Dec 14 12:01:47 AM MSK 2025 ---
--- Pipeline Start: Sun Dec 14 12:02:01 AM MSK 2025 ---
2025-12-14 00:02:01.540275: inserted 175 rows into monitoring.pgss_snapshots_raw
2025-12-14 00:02:01.768648: inserted 16 rows into monitoring.pgss_deltas
2025-12-14 00:02:01.984392: inserted 16 rows into monitoring.features_windows
Lex features are up-to-date (nothing to insert/update).
--- Pipeline End: Sun Dec 14 12:02:02 AM MSK 2025 ---
--- Pipeline Start: Sun Dec 14 12:02:16 AM MSK 2025 ---
2025-12-14 00:02:16.581309: inserted 175 rows into monitoring.pgss_snapshots_raw
2025-12-14 00:02:16.842766: inserted 28 rows into monitoring.pgss_deltas
2025-12-14 00:02:17.095678: inserted 28 rows into monitoring.features_windows
Lex features are up-to-date (nothing to insert/update).
--- Pipeline End: Sun Dec 14 12:02:17 AM MSK 2025 ---
--- Pipeline Start: Sun Dec 14 12:02:31 AM MSK 2025 ---
2025-12-14 00:02:31.575228: inserted 175 rows into monitoring.pgss_snapshots_raw
2025-12-14 00:02:31.798830: inserted 15 rows into monitoring.pgss_deltas
2025-12-14 00:02:32.030903: inserted 15 rows into monitoring.features_windows
Lex features are up-to-date (nothing to insert/update).
--- Pipeline End: Sun Dec 14 12:02:32 AM MSK 2025 ---
--- Pipeline Start: Sun Dec 14 12:02:46 AM MSK 2025 ---
2025-12-14 00:02:46.556757: inserted 175 rows into monitoring.pgss_snapshots_raw
2025-12-14 00:02:46.786784: inserted 15 rows into monitoring.pgss_deltas
2025-12-14 00:02:47.004328: inserted 15 rows into monitoring.features_windows
Lex features are up-to-date (nothing to insert/update).
--- Pipeline End: Sun Dec 14 12:02:47 AM MSK 2025 ---
--- Pipeline Start: Sun Dec 14 12:03:01 AM MSK 2025 ---
2025-12-14 00:03:01.810309: inserted 175 rows into monitoring.pgss_snapshots_raw
2025-12-14 00:03:02.126466: inserted 15 rows into monitoring.pgss_deltas
2025-12-14 00:03:02.345565: inserted 15 rows into monitoring.features_windows
Lex features are up-to-date (nothing to insert/update).
--- Pipeline End: Sun Dec 14 12:03:02 AM MSK 2025 ---
--- Pipeline Start: Sun Dec 14 12:03:16 AM MSK 2025 ---
2025-12-14 00:03:16.673592: inserted 175 rows into monitoring.pgss_snapshots_raw
2025-12-14 00:03:16.924647: inserted 27 rows into monitoring.pgss_deltas
2025-12-14 00:03:17.161795: inserted 27 rows into monitoring.features_windows
Lex features are up-to-date (nothing to insert/update).
--- Pipeline End: Sun Dec 14 12:03:17 AM MSK 2025 ---
--- Pipeline Start: Sun Dec 14 12:03:31 AM MSK 2025 ---
2025-12-14 00:03:31.672868: inserted 175 rows into monitoring.pgss_snapshots_raw
2025-12-14 00:03:31.896939: inserted 15 rows into monitoring.pgss_deltas
2025-12-14 00:03:32.102221: inserted 15 rows into monitoring.features_windows
Lex features are up-to-date (nothing to insert/update).
--- Pipeline End: Sun Dec 14 12:03:32 AM MSK 2025 ---
--- Pipeline Start: Sun Dec 14 12:03:46 AM MSK 2025 ---
2025-12-14 00:03:46.702530: inserted 4 rows into monitoring.pgss_snapshots_raw
2025-12-14 00:03:46.922189: inserted 0 rows into monitoring.pgss_deltas
No new deltas to process.
Lex features are up-to-date (nothing to insert/update).
--- Pipeline End: Sun Dec 14 12:03:47 AM MSK 2025 ---
--- Pipeline Start: Sun Dec 14 12:04:01 AM MSK 2025 ---
2025-12-14 00:04:01.766177: inserted 15 rows into monitoring.pgss_snapshots_raw
2025-12-14 00:04:01.979300: inserted 12 rows into monitoring.pgss_deltas
2025-12-14 00:04:02.192528: inserted 12 rows into monitoring.features_windows
2025-12-14 00:04:02.517989: upserted 1 rows into monitoring.query_lex_features
--- Pipeline End: Sun Dec 14 12:04:02 AM MSK 2025 ---
--- Pipeline Start: Sun Dec 14 12:04:16 AM MSK 2025 ---
2025-12-14 00:04:16.760161: inserted 32 rows into monitoring.pgss_snapshots_raw
2025-12-14 00:04:16.996091: inserted 28 rows into monitoring.pgss_deltas
2025-12-14 00:04:17.228932: inserted 28 rows into monitoring.features_windows
2025-12-14 00:04:17.546547: upserted 1 rows into monitoring.query_lex_features
--- Pipeline End: Sun Dec 14 12:04:17 AM MSK 2025 ---
--- Pipeline Start: Sun Dec 14 12:04:31 AM MSK 2025 ---
2025-12-14 00:04:31.784012: inserted 34 rows into monitoring.pgss_snapshots_raw
2025-12-14 00:04:32.009934: inserted 16 rows into monitoring.pgss_deltas
2025-12-14 00:04:32.298065: inserted 16 rows into monitoring.features_windows
Lex features are up-to-date (nothing to insert/update).
--- Pipeline End: Sun Dec 14 12:04:32 AM MSK 2025 ---
--- Pipeline Start: Sun Dec 14 12:04:46 AM MSK 2025 ---
2025-12-14 00:04:46.748478: inserted 34 rows into monitoring.pgss_snapshots_raw
2025-12-14 00:04:46.979322: inserted 14 rows into monitoring.pgss_deltas
2025-12-14 00:04:47.204915: inserted 14 rows into monitoring.features_windows
Lex features are up-to-date (nothing to insert/update).
--- Pipeline End: Sun Dec 14 12:04:47 AM MSK 2025 ---
--- Pipeline Start: Sun Dec 14 12:05:01 AM MSK 2025 ---
2025-12-14 00:05:01.820050: inserted 3 rows into monitoring.pgss_snapshots_raw
2025-12-14 00:05:02.039293: inserted 1 rows into monitoring.pgss_deltas
2025-12-14 00:05:02.258596: inserted 1 rows into monitoring.features_windows
2025-12-14 00:05:02.593913: upserted 1 rows into monitoring.query_lex_features
--- Pipeline End: Sun Dec 14 12:05:02 AM MSK 2025 ---
--- Pipeline Start: Sun Dec 14 12:05:16 AM MSK 2025 ---
2025-12-14 00:05:16.745975: inserted 28 rows into monitoring.pgss_snapshots_raw
2025-12-14 00:05:16.969851: inserted 27 rows into monitoring.pgss_deltas
2025-12-14 00:05:17.194810: inserted 27 rows into monitoring.features_windows
Lex features are up-to-date (nothing to insert/update).
--- Pipeline End: Sun Dec 14 12:05:17 AM MSK 2025 ---
--- Pipeline Start: Sun Dec 14 12:05:31 AM MSK 2025 ---
2025-12-14 00:05:31.797401: inserted 32 rows into monitoring.pgss_snapshots_raw
2025-12-14 00:05:32.031852: inserted 17 rows into monitoring.pgss_deltas
2025-12-14 00:05:32.335977: inserted 17 rows into monitoring.features_windows
Lex features are up-to-date (nothing to insert/update).
--- Pipeline End: Sun Dec 14 12:05:32 AM MSK 2025 ---
--- Pipeline Start: Sun Dec 14 12:05:46 AM MSK 2025 ---
2025-12-14 00:05:46.762740: inserted 33 rows into monitoring.pgss_snapshots_raw
2025-12-14 00:05:47.035242: inserted 17 rows into monitoring.pgss_deltas
2025-12-14 00:05:47.249529: inserted 17 rows into monitoring.features_windows
Lex features are up-to-date (nothing to insert/update).
--- Pipeline End: Sun Dec 14 12:05:47 AM MSK 2025 ---
--- Pipeline Start: Sun Dec 14 12:06:01 AM MSK 2025 ---
2025-12-14 00:06:01.817192: inserted 33 rows into monitoring.pgss_snapshots_raw
2025-12-14 00:06:02.215149: inserted 14 rows into monitoring.pgss_deltas
2025-12-14 00:06:02.510452: inserted 14 rows into monitoring.features_windows
Lex features are up-to-date (nothing to insert/update).
--- Pipeline End: Sun Dec 14 12:06:02 AM MSK 2025 ---
--- Pipeline Start: Sun Dec 14 12:06:16 AM MSK 2025 ---
2025-12-14 00:06:16.822159: inserted 33 rows into monitoring.pgss_snapshots_raw
2025-12-14 00:06:17.049300: inserted 27 rows into monitoring.pgss_deltas
2025-12-14 00:06:17.285335: inserted 27 rows into monitoring.features_windows
Lex features are up-to-date (nothing to insert/update).
--- Pipeline End: Sun Dec 14 12:06:17 AM MSK 2025 ---
--- Pipeline Start: Sun Dec 14 12:06:31 AM MSK 2025 ---
2025-12-14 00:06:31.833018: inserted 33 rows into monitoring.pgss_snapshots_raw
2025-12-14 00:06:32.083622: inserted 16 rows into monitoring.pgss_deltas
2025-12-14 00:06:32.298310: inserted 16 rows into monitoring.features_windows
Lex features are up-to-date (nothing to insert/update).
--- Pipeline End: Sun Dec 14 12:06:32 AM MSK 2025 ---
--- Pipeline Start: Sun Dec 14 12:06:46 AM MSK 2025 ---
2025-12-14 00:06:46.823350: inserted 33 rows into monitoring.pgss_snapshots_raw
2025-12-14 00:06:47.069031: inserted 14 rows into monitoring.pgss_deltas
2025-12-14 00:06:47.326869: inserted 14 rows into monitoring.features_windows
Lex features are up-to-date (nothing to insert/update).
--- Pipeline End: Sun Dec 14 12:06:47 AM MSK 2025 ---
